0 info it worked if it ends with ok
1 verbose cli [ '/usr/local/bin/node',
1 verbose cli   '/usr/local/bin/npm',
1 verbose cli   'start',
1 verbose cli   '--',
1 verbose cli   '--host',
1 verbose cli   '10.30.1.48' ]
2 info using npm@3.8.3
3 info using node@v5.10.0
4 verbose run-script [ 'prestart', 'start', 'poststart' ]
5 info lifecycle sample-dashboard@0.0.0~prestart: sample-dashboard@0.0.0
6 silly lifecycle sample-dashboard@0.0.0~prestart: no script for prestart, continuing
7 info lifecycle sample-dashboard@0.0.0~start: sample-dashboard@0.0.0
8 verbose lifecycle sample-dashboard@0.0.0~start: unsafe-perm in lifecycle true
9 verbose lifecycle sample-dashboard@0.0.0~start: PATH: /usr/local/lib/node_modules/npm/bin/node-gyp-bin:/Users/aagranov/work/collab/aagranov/sample-react-dashboard/node_modules/.bin:/usr/local/bin:/usr/local/var/pyenv/shims:~/bin:/usr/local/bin:/Library/Frameworks/Python.framework/Versions/3.4/bin:/Users/aagranov/work/swf-feed-ingestion/env/bin:/Users/aagranov/.rvm/gems/ruby-2.1.5/bin:/Users/aagranov/.rvm/gems/ruby-2.1.5@global/bin:/Users/aagranov/.rvm/rubies/ruby-2.1.5/bin:/usr/local/var/pyenv/shims:/usr/local/bin:/Library/Frameworks/Python.framework/Versions/3.4/bin:/usr/bin:/bin:/usr/sbin:/sbin:/usr/local/bin:/opt/X11/bin:/Users/aagranov/.rvm/bin:/Users/aagranov/.rvm/bin
10 verbose lifecycle sample-dashboard@0.0.0~start: CWD: /Users/aagranov/work/collab/aagranov/sample-react-dashboard
11 silly lifecycle sample-dashboard@0.0.0~start: Args: [ '-c', 'webpack-dev-server "--host" "10.30.1.48"' ]
12 silly lifecycle sample-dashboard@0.0.0~start: Returned: code: 1  signal: null
13 info lifecycle sample-dashboard@0.0.0~start: Failed to exec start script
14 verbose stack Error: sample-dashboard@0.0.0 start: `webpack-dev-server "--host" "10.30.1.48"`
14 verbose stack Exit status 1
14 verbose stack     at EventEmitter.<anonymous> (/usr/local/lib/node_modules/npm/lib/utils/lifecycle.js:239:16)
14 verbose stack     at emitTwo (events.js:100:13)
14 verbose stack     at EventEmitter.emit (events.js:185:7)
14 verbose stack     at ChildProcess.<anonymous> (/usr/local/lib/node_modules/npm/lib/utils/spawn.js:24:14)
14 verbose stack     at emitTwo (events.js:100:13)
14 verbose stack     at ChildProcess.emit (events.js:185:7)
14 verbose stack     at maybeClose (internal/child_process.js:850:16)
14 verbose stack     at Process.ChildProcess._handle.onexit (internal/child_process.js:215:5)
15 verbose pkgid sample-dashboard@0.0.0
16 verbose cwd /Users/aagranov/work/collab/aagranov/sample-react-dashboard
17 error Darwin 15.3.0
18 error argv "/usr/local/bin/node" "/usr/local/bin/npm" "start" "--" "--host" "10.30.1.48"
19 error node v5.10.0
20 error npm  v3.8.3
21 error code ELIFECYCLE
22 error sample-dashboard@0.0.0 start: `webpack-dev-server "--host" "10.30.1.48"`
22 error Exit status 1
23 error Failed at the sample-dashboard@0.0.0 start script 'webpack-dev-server "--host" "10.30.1.48"'.
23 error Make sure you have the latest version of node.js and npm installed.
23 error If you do, this is most likely a problem with the sample-dashboard package,
23 error not with npm itself.
23 error Tell the author that this fails on your system:
23 error     webpack-dev-server "--host" "10.30.1.48"
23 error You can get information on how to open an issue for this project with:
23 error     npm bugs sample-dashboard
23 error Or if that isn't available, you can get their info via:
23 error     npm owner ls sample-dashboard
23 error There is likely additional logging output above.
24 verbose exit [ 1, true ]
